2025-04-03 04:06:26,819 - app - INFO - Mark2Web запущен
2025-04-03 04:06:26,819 - app - INFO - Инициализация базы данных
2025-04-03 04:06:26,820 - app - INFO - Запуск процедуры очистки истекших документов
2025-04-03 04:06:26,823 - app - INFO - Очистка завершена, удалено документов: 0
2025-04-03 04:06:26,908 - app - INFO - Mark2Web запущен
2025-04-03 04:06:26,908 - app - INFO - Инициализация базы данных
2025-04-03 04:06:26,908 - app - INFO - Запуск процедуры очистки истекших документов
2025-04-03 04:06:26,911 - app - INFO - Очистка завершена, удалено документов: 0
2025-04-03 04:06:29,492 - app - INFO - Запрос главной страницы, пользователь: Гость
2025-04-03 04:10:32,483 - app - INFO - Запрос главной страницы, пользователь: Гость
2025-04-03 04:19:03,008 - app - INFO - Mark2Web запущен
2025-04-03 04:19:03,008 - app - INFO - Инициализация базы данных
2025-04-03 04:19:03,009 - app - INFO - Запуск процедуры очистки истекших документов
2025-04-03 04:19:03,011 - app - INFO - Очистка завершена, удалено документов: 0
2025-04-03 04:21:56,207 - app - INFO - Mark2Web запущен
2025-04-03 04:21:56,208 - app - INFO - Инициализация базы данных
2025-04-03 04:21:56,217 - app - INFO - Запуск процедуры очистки истекших документов
2025-04-03 04:21:56,218 - app - INFO - Очистка завершена, удалено документов: 0
2025-04-03 04:21:57,262 - app - INFO - Mark2Web запущен
2025-04-03 04:21:57,263 - app - INFO - Инициализация базы данных
2025-04-03 04:21:57,270 - app - INFO - Запуск процедуры очистки истекших документов
2025-04-03 04:21:57,272 - app - INFO - Очистка завершена, удалено документов: 0
2025-04-03 04:21:58,064 - app - INFO - Запрос главной страницы, пользователь: Гость
2025-04-03 04:22:59,787 - app - INFO - Запрос главной страницы, пользователь: Гость
2025-04-03 04:23:28,092 - app - INFO - Пользователь вошел в систему: risinglight
2025-04-03 04:23:28,204 - app - INFO - Запрос главной страницы, пользователь: risinglight
2025-04-03 04:25:40,376 - app - INFO - Mark2Web запущен
2025-04-03 04:25:40,377 - app - INFO - Инициализация базы данных
2025-04-03 04:25:40,385 - app - INFO - Запуск процедуры очистки истекших документов
2025-04-03 04:25:40,386 - app - INFO - Очистка завершена, удалено документов: 0
2025-04-03 04:25:41,456 - app - INFO - Mark2Web запущен
2025-04-03 04:25:41,457 - app - INFO - Инициализация базы данных
2025-04-03 04:25:41,463 - app - INFO - Запуск процедуры очистки истекших документов
2025-04-03 04:25:41,465 - app - INFO - Очистка завершена, удалено документов: 0
2025-04-03 04:25:42,521 - app - INFO - Запрос главной страницы, пользователь: Гость
2025-04-03 04:25:45,070 - app - INFO - Получен запрос на создание документа из текста
2025-04-03 04:25:45,074 - app - INFO - Сохранен новый markdown документ: 31a383f7-7ef6-45cd-a1dd-c1a6ccedf92b, пользователь: None
2025-04-03 04:25:45,074 - app - INFO - Перенаправление на страницу редактирования: 31a383f7-7ef6-45cd-a1dd-c1a6ccedf92b
2025-04-03 04:25:45,260 - app - WARNING - Попытка редактирования без авторизации
2025-04-03 04:25:47,555 - app - INFO - Пользователь вошел в систему: risinglight
2025-04-03 04:25:47,621 - app - INFO - Запрос главной страницы, пользователь: risinglight
2025-04-03 04:25:50,730 - app - INFO - Получен запрос на создание документа из текста
2025-04-03 04:25:50,734 - app - INFO - Сохранен новый markdown документ: e1b639b4-f81f-43f5-b2f7-6c6d8247841e, пользователь: 1
2025-04-03 04:25:50,734 - app - INFO - Перенаправление на страницу редактирования: e1b639b4-f81f-43f5-b2f7-6c6d8247841e
2025-04-03 04:25:50,799 - app - INFO - Редактирование документа: e1b639b4-f81f-43f5-b2f7-6c6d8247841e
2025-04-03 04:26:05,674 - app - INFO - Просмотр документа: e1b639b4-f81f-43f5-b2f7-6c6d8247841e
2025-04-03 04:26:08,157 - app - INFO - Просмотр документа: e1b639b4-f81f-43f5-b2f7-6c6d8247841e
2025-04-03 04:26:11,219 - app - INFO - Просмотр документа: e1b639b4-f81f-43f5-b2f7-6c6d8247841e
2025-04-03 04:26:12,480 - app - WARNING - Документ не найден при просмотре: {{ url_for('profile') }}
2025-04-03 04:26:12,715 - app - INFO - Запрос главной страницы, пользователь: risinglight
2025-04-03 04:26:14,656 - app - INFO - Запрос главной страницы, пользователь: risinglight
2025-04-03 04:26:18,086 - app - INFO - Получен запрос на создание документа из текста
2025-04-03 04:26:18,088 - app - INFO - Сохранен новый markdown документ: 49c8e534-9d7f-43e2-b6de-d68f24a721a8, пользователь: 1
2025-04-03 04:26:18,088 - app - INFO - Перенаправление на страницу редактирования: 49c8e534-9d7f-43e2-b6de-d68f24a721a8
2025-04-03 04:26:18,269 - app - INFO - Редактирование документа: 49c8e534-9d7f-43e2-b6de-d68f24a721a8
2025-04-03 04:26:34,834 - app - INFO - Страница публикации документа: 49c8e534-9d7f-43e2-b6de-d68f24a721a8
2025-04-03 04:28:30,945 - app - INFO - Просмотр документа: 49c8e534-9d7f-43e2-b6de-d68f24a721a8
2025-04-03 04:29:13,618 - app - INFO - Редактирование документа: 49c8e534-9d7f-43e2-b6de-d68f24a721a8
2025-04-03 04:29:35,958 - app - INFO - Запрос главной страницы, пользователь: risinglight
2025-04-03 04:29:58,844 - app - INFO - Mark2Web запущен
2025-04-03 04:29:58,844 - app - INFO - Инициализация базы данных
2025-04-03 04:29:58,845 - app - INFO - Запуск процедуры очистки истекших документов
2025-04-03 04:29:58,847 - app - INFO - Очистка завершена, удалено документов: 0
2025-04-03 04:30:06,947 - app - INFO - Mark2Web запущен
2025-04-03 04:30:06,948 - app - INFO - Инициализация базы данных
2025-04-03 04:30:06,949 - app - INFO - Запуск процедуры очистки истекших документов
2025-04-03 04:30:06,953 - app - INFO - Очистка завершена, удалено документов: 0
2025-04-03 04:30:20,490 - app - INFO - Запрос главной страницы, пользователь: risinglight
2025-04-03 04:30:22,003 - app - INFO - Получен запрос на создание документа из текста
2025-04-03 04:30:22,006 - app - INFO - Сохранен новый markdown документ: c3d5c32b-f474-4ee9-8691-1ecee5a8c678, пользователь: 1
2025-04-03 04:30:22,006 - app - INFO - Перенаправление на страницу редактирования: c3d5c32b-f474-4ee9-8691-1ecee5a8c678
2025-04-03 04:30:22,194 - app - INFO - Редактирование документа: c3d5c32b-f474-4ee9-8691-1ecee5a8c678
2025-04-03 04:30:25,397 - app - INFO - Просмотр документа: c3d5c32b-f474-4ee9-8691-1ecee5a8c678
2025-04-03 04:31:25,786 - app - INFO - Mark2Web запущен
2025-04-03 04:31:25,787 - app - INFO - Инициализация базы данных
2025-04-03 04:31:25,796 - app - INFO - Запуск процедуры очистки истекших документов
2025-04-03 04:31:25,797 - app - INFO - Очистка завершена, удалено документов: 0
2025-04-03 04:31:26,785 - app - INFO - Mark2Web запущен
2025-04-03 04:31:26,786 - app - INFO - Инициализация базы данных
2025-04-03 04:31:26,794 - app - INFO - Запуск процедуры очистки истекших документов
2025-04-03 04:31:26,796 - app - INFO - Очистка завершена, удалено документов: 0
2025-04-03 04:31:29,465 - app - INFO - Запрос главной страницы, пользователь: Гость
2025-04-03 04:31:32,911 - app - INFO - Получен запрос на создание документа из текста
2025-04-03 04:31:32,914 - app - INFO - Сохранен новый markdown документ: 97f0f249-aa0c-4546-8f1b-de89318c1d1c, пользователь: None
2025-04-03 04:31:32,915 - app - INFO - Перенаправление на страницу редактирования: 97f0f249-aa0c-4546-8f1b-de89318c1d1c
2025-04-03 04:31:33,101 - app - WARNING - Попытка редактирования без авторизации
2025-04-03 04:39:00,787 - app - INFO - Mark2Web запущен
2025-04-03 04:39:00,788 - app - INFO - Инициализация базы данных
2025-04-03 04:39:00,795 - app - INFO - Запуск процедуры очистки истекших документов
2025-04-03 04:39:00,797 - app - INFO - Очистка завершена, удалено документов: 0
2025-04-03 04:39:07,537 - app - INFO - Просмотр документа: c3d5c32b-f474-4ee9-8691-1ecee5a8c678
2025-04-03 04:39:11,369 - app - INFO - Запрос главной страницы, пользователь: Гость
2025-04-03 04:39:26,607 - app - INFO - Получен запрос на создание документа из текста
2025-04-03 04:39:26,610 - app - INFO - Сохранен новый markdown документ: 4e694412-f551-4081-94e0-cfc9d1e811c6, пользователь: None
2025-04-03 04:39:26,610 - app - INFO - Перенаправление на страницу редактирования: 4e694412-f551-4081-94e0-cfc9d1e811c6
2025-04-03 04:39:26,793 - app - INFO - Редактирование документа: 4e694412-f551-4081-94e0-cfc9d1e811c6
2025-04-03 04:39:36,958 - app - INFO - Запрос главной страницы, пользователь: Гость
2025-04-03 04:39:41,702 - app - INFO - Документ успешно сохранен: 4e694412-f551-4081-94e0-cfc9d1e811c6
2025-04-03 04:39:44,861 - app - INFO - Документ успешно сохранен: 4e694412-f551-4081-94e0-cfc9d1e811c6
2025-04-03 04:39:45,176 - app - INFO - Страница публикации документа: 4e694412-f551-4081-94e0-cfc9d1e811c6
2025-04-03 04:39:52,783 - app - INFO - Запрос главной страницы, пользователь: Гость
2025-04-03 04:39:55,809 - app - INFO - Пользователь вошел в систему: risinglight
2025-04-03 04:39:55,937 - app - INFO - Запрос главной страницы, пользователь: risinglight
2025-04-03 04:39:57,850 - app - INFO - Просмотр профиля пользователем: risinglight
2025-04-03 04:40:00,498 - app - INFO - Просмотр документа: e1b639b4-f81f-43f5-b2f7-6c6d8247841e
2025-04-03 04:40:38,994 - app - INFO - Запрос главной страницы, пользователь: Гость
2025-04-03 04:42:09,021 - app - INFO - Mark2Web запущен
2025-04-03 04:42:09,022 - app - INFO - Инициализация базы данных
2025-04-03 04:42:09,031 - app - INFO - Запуск процедуры очистки истекших документов
2025-04-03 04:42:09,031 - app - INFO - Очистка завершена, удалено документов: 0
2025-04-03 04:42:10,050 - app - INFO - Mark2Web запущен
2025-04-03 04:42:10,051 - app - INFO - Инициализация базы данных
2025-04-03 04:42:10,057 - app - INFO - Запуск процедуры очистки истекших документов
2025-04-03 04:42:10,059 - app - INFO - Очистка завершена, удалено документов: 0
2025-04-03 04:42:12,270 - app - INFO - Просмотр документа: e1b639b4-f81f-43f5-b2f7-6c6d8247841e
2025-04-03 04:42:17,531 - app - INFO - Пользователь вошел в систему: risinglight
2025-04-03 04:42:17,644 - app - INFO - Запрос главной страницы, пользователь: risinglight
2025-04-03 04:42:19,357 - app - INFO - Просмотр профиля пользователем: risinglight
2025-04-03 04:42:21,310 - app - INFO - Просмотр документа: 8b1c638d-4231-4d5d-8c4d-727d426a5a92
2025-04-03 04:42:24,351 - app - INFO - Просмотр профиля пользователем: risinglight
2025-04-03 04:42:30,243 - app - INFO - Запрос главной страницы, пользователь: risinglight
2025-04-03 04:42:32,217 - app - INFO - Просмотр профиля пользователем: risinglight
2025-04-03 04:42:35,275 - app - INFO - Редактирование документа: 8b1c638d-4231-4d5d-8c4d-727d426a5a92
2025-04-03 04:42:37,445 - app - INFO - Просмотр профиля пользователем: risinglight
2025-04-03 04:42:38,747 - app - INFO - Просмотр документа: 8b1c638d-4231-4d5d-8c4d-727d426a5a92
2025-04-03 04:42:43,747 - app - INFO - Просмотр профиля пользователем: risinglight
2025-04-03 04:42:51,577 - app - INFO - Просмотр документа: 8b1c638d-4231-4d5d-8c4d-727d426a5a92
2025-04-03 04:44:30,610 - app - INFO - Mark2Web запущен
2025-04-03 04:44:30,611 - app - INFO - Инициализация базы данных
2025-04-03 04:44:30,618 - app - INFO - Запуск процедуры очистки истекших документов
2025-04-03 04:44:30,619 - app - INFO - Очистка завершена, удалено документов: 0
2025-04-03 04:44:31,614 - app - INFO - Mark2Web запущен
2025-04-03 04:44:31,615 - app - INFO - Инициализация базы данных
2025-04-03 04:44:31,617 - app - INFO - Запуск процедуры очистки истекших документов
2025-04-03 04:44:31,625 - app - INFO - Очистка завершена, удалено документов: 0
2025-04-03 04:44:35,662 - app - INFO - Просмотр документа: 8b1c638d-4231-4d5d-8c4d-727d426a5a92
2025-04-03 04:44:39,358 - app - INFO - Пользователь вошел в систему: risinglight
2025-04-03 04:44:39,484 - app - INFO - Запрос главной страницы, пользователь: risinglight
2025-04-03 04:44:42,634 - app - INFO - Просмотр профиля пользователем: risinglight
2025-04-03 04:44:45,070 - app - INFO - Просмотр документа: 8b1c638d-4231-4d5d-8c4d-727d426a5a92
2025-04-03 04:44:47,576 - app - INFO - Просмотр документа: e1b639b4-f81f-43f5-b2f7-6c6d8247841e
2025-04-03 04:44:48,415 - app - INFO - Просмотр документа: 49c8e534-9d7f-43e2-b6de-d68f24a721a8
2025-04-03 04:44:49,767 - app - INFO - Просмотр документа: e1b639b4-f81f-43f5-b2f7-6c6d8247841e
2025-04-03 04:44:54,602 - app - INFO - Просмотр документа: c3d5c32b-f474-4ee9-8691-1ecee5a8c678
2025-04-03 04:44:58,186 - app - INFO - Просмотр профиля пользователем: risinglight
2025-04-03 04:45:01,475 - app - INFO - Документ успешно удален: e1b639b4-f81f-43f5-b2f7-6c6d8247841e
2025-04-03 04:45:01,668 - app - INFO - Просмотр профиля пользователем: risinglight
2025-04-03 04:45:03,773 - app - INFO - Документ успешно удален: 49c8e534-9d7f-43e2-b6de-d68f24a721a8
2025-04-03 04:45:03,969 - app - INFO - Просмотр профиля пользователем: risinglight
2025-04-03 04:45:05,692 - app - INFO - Документ успешно удален: c3d5c32b-f474-4ee9-8691-1ecee5a8c678
2025-04-03 04:45:05,928 - app - INFO - Просмотр профиля пользователем: risinglight
2025-04-03 04:45:07,064 - app - INFO - Просмотр документа: 8b1c638d-4231-4d5d-8c4d-727d426a5a92
2025-04-03 04:45:09,322 - app - INFO - Просмотр профиля пользователем: risinglight
2025-04-03 04:45:10,728 - app - INFO - Запрос главной страницы, пользователь: risinglight
2025-04-03 04:45:23,631 - app - INFO - Получен запрос на создание документа из текста
2025-04-03 04:45:23,633 - app - INFO - Сохранен новый markdown документ: ad655283-5aa6-4b94-bd1c-21819f52e2fa, пользователь: 1
2025-04-03 04:45:23,633 - app - INFO - Перенаправление на страницу редактирования: ad655283-5aa6-4b94-bd1c-21819f52e2fa
2025-04-03 04:45:23,815 - app - INFO - Редактирование документа: ad655283-5aa6-4b94-bd1c-21819f52e2fa
